\BOOKMARK [0][-]{chapter.1}{\376\377\000I\000n\000f\000o\000r\000m\000a\000t\000i\000o\000n\000\040\000T\000h\000e\000o\000r\000y}{}% 1
\BOOKMARK [1][-]{section.1.1}{\376\377\000I\000n\000f\000o\000r\000m\000a\000t\000i\000o\000n}{chapter.1}% 2
\BOOKMARK [2][-]{subsection.1.1.1}{\376\377\000I\000m\000p\000o\000r\000t\000a\000n\000c\000e\000\040\000o\000f\000\040\000I\000n\000f\000o\000r\000m\000a\000t\000i\000o\000n\000\040\000T\000h\000e\000o\000r\000y}{section.1.1}% 3
\BOOKMARK [2][-]{subsection.1.1.2}{\376\377\000I\000m\000p\000o\000r\000t\000a\000n\000c\000e\000\040\000i\000n\000\040\000C\000o\000m\000m\000u\000n\000i\000c\000a\000t\000i\000o\000n}{section.1.1}% 4
\BOOKMARK [1][-]{section.1.2}{\376\377\000D\000i\000s\000c\000r\000e\000t\000e\000\040\000S\000o\000u\000r\000c\000e}{chapter.1}% 5
\BOOKMARK [2][-]{subsection.1.2.1}{\376\377\000S\000o\000u\000r\000c\000e\000\040\000T\000y\000p\000e\000s}{section.1.2}% 6
\BOOKMARK [1][-]{section.1.3}{\376\377\000S\000e\000l\000f\000\040\000I\000n\000f\000o\000r\000m\000a\000t\000i\000o\000n}{chapter.1}% 7
\BOOKMARK [2][-]{subsection.1.3.1}{\376\377\000P\000r\000o\000p\000e\000r\000t\000i\000e\000s\000\040\000o\000f\000\040\000S\000e\000l\000f\000\040\000I\000n\000f\000o\000r\000m\000a\000t\000i\000o\000n}{section.1.3}% 8
\BOOKMARK [2][-]{subsection.1.3.2}{\376\377\000P\000h\000y\000s\000i\000c\000a\000l\000\040\000s\000i\000g\000n\000i\000f\000i\000c\000a\000n\000c\000e\000\040\000/\000\040\000i\000n\000s\000i\000g\000h\000t\000\040\000o\000f\000\040\000s\000e\000l\000f\000\040\000i\000n\000f\000o\000r\000m\000a\000t\000i\000o\000n}{section.1.3}% 9
\BOOKMARK [1][-]{section.1.4}{\376\377\000E\000n\000t\000r\000o\000p\000y}{chapter.1}% 10
\BOOKMARK [2][-]{subsection.1.4.1}{\376\377\000I\000n\000t\000e\000r\000p\000r\000e\000t\000a\000t\000i\000o\000n}{section.1.4}% 11
\BOOKMARK [2][-]{subsection.1.4.2}{\376\377\000W\000h\000y\000\040\000T\000h\000i\000s\000\040\000F\000o\000r\000m\000\040\000A\000p\000p\000e\000a\000r\000s}{section.1.4}% 12
\BOOKMARK [2][-]{subsection.1.4.3}{\376\377\000S\000i\000g\000n\000i\000f\000i\000c\000a\000n\000c\000e\000\040\000o\000f\000\040\000E\000n\000t\000r\000o\000p\000y}{section.1.4}% 13
\BOOKMARK [2][-]{subsection.1.4.4}{\376\377\000R\000e\000l\000a\000t\000i\000o\000n\000\040\000b\000e\000t\000w\000e\000e\000n\000\040\000H\000a\000r\000t\000l\000e\000y\000,\000\040\000N\000a\000t\000s\000\040\000a\000n\000d\000\040\000B\000i\000t\000s}{section.1.4}% 14
\BOOKMARK [2][-]{subsection.1.4.5}{\376\377\000E\000q\000u\000a\000l\000\040\000P\000r\000o\000b\000a\000b\000i\000l\000i\000t\000y\000\040\000L\000e\000a\000d\000s\000\040\000t\000o\000\040\000H\000i\000g\000h\000\040\000E\000n\000t\000r\000o\000p\000y}{section.1.4}% 15
\BOOKMARK [1][-]{section.1.5}{\376\377\000J\000o\000i\000n\000t\000\040\000E\000n\000t\000r\000o\000p\000y}{chapter.1}% 16
\BOOKMARK [1][-]{section.1.6}{\376\377\000M\000u\000t\000u\000a\000l\000\040\000I\000n\000f\000o\000r\000m\000a\000t\000i\000o\000n}{chapter.1}% 17
\BOOKMARK [1][-]{section.1.7}{\376\377\000C\000o\000n\000d\000i\000t\000i\000o\000n\000a\000l\000\040\000E\000n\000t\000r\000o\000p\000y}{chapter.1}% 18
\BOOKMARK [2][-]{subsection.1.7.1}{\376\377\000S\000i\000m\000p\000l\000e\000\040\000I\000n\000t\000u\000i\000t\000i\000o\000n}{section.1.7}% 19
\BOOKMARK [2][-]{subsection.1.7.2}{\376\377\000R\000e\000l\000a\000t\000i\000o\000n\000\040\000w\000i\000t\000h\000\040\000J\000o\000i\000n\000t\000\040\000E\000n\000t\000r\000o\000p\000y}{section.1.7}% 20
\BOOKMARK [1][-]{section.1.8}{\376\377\000R\000e\000l\000a\000t\000i\000v\000e\000\040\000E\000n\000t\000r\000o\000p\000y}{chapter.1}% 21
\BOOKMARK [2][-]{subsection.1.8.1}{\376\377\000M\000u\000t\000u\000a\000l\000\040\000I\000n\000f\000o\000r\000m\000a\000t\000i\000o\000n\000\040\000a\000s\000\040\000R\000e\000l\000a\000t\000i\000v\000e\000\040\000E\000n\000t\000r\000o\000p\000y}{section.1.8}% 22
\BOOKMARK [2][-]{subsection.1.8.2}{\376\377\000C\000o\000n\000v\000e\000x\000i\000t\000y\000\040\000a\000n\000d\000\040\000J\000e\000n\000s\000e\000n\000'\000s\000\040\000I\000n\000e\000q\000u\000a\000l\000i\000t\000y}{section.1.8}% 23
\BOOKMARK [2][-]{subsection.1.8.3}{\376\377\000G\000i\000b\000b\000s\000\040\000I\000n\000f\000o\000r\000m\000a\000t\000i\000o\000n\000\040\000I\000n\000e\000q\000u\000a\000l\000i\000t\000y}{section.1.8}% 24
\BOOKMARK [2][-]{subsection.1.8.4}{\376\377\000E\000x\000a\000m\000p\000l\000e\000:\000\040\000A\000s\000y\000m\000m\000e\000t\000r\000i\000c\000\040\000N\000a\000t\000u\000r\000e\000\040\000o\000f\000\040\000R\000e\000l\000a\000t\000i\000v\000e\000\040\000E\000n\000t\000r\000o\000p\000y}{section.1.8}% 25
\BOOKMARK [1][-]{section.1.9}{\376\377\000C\000h\000a\000i\000n\000\040\000R\000u\000l\000e}{chapter.1}% 26
\BOOKMARK [2][-]{subsection.1.9.1}{\376\377\000E\000n\000t\000r\000o\000p\000y}{section.1.9}% 27
\BOOKMARK [2][-]{subsection.1.9.2}{\376\377\000C\000o\000n\000d\000i\000t\000i\000o\000n\000a\000l\000\040\000E\000n\000t\000r\000o\000p\000y}{section.1.9}% 28
\BOOKMARK [2][-]{subsection.1.9.3}{\376\377\000M\000u\000t\000u\000a\000l\000\040\000I\000n\000f\000o\000r\000m\000a\000t\000i\000o\000n}{section.1.9}% 29
\BOOKMARK [1][-]{section.1.10}{\376\377\000W\000o\000r\000k\000e\000d\000\040\000P\000r\000o\000b\000l\000e\000m\000s}{chapter.1}% 30
\BOOKMARK [1][-]{section.1.11}{\376\377\000D\000i\000s\000c\000r\000e\000t\000e\000\040\000M\000e\000m\000o\000r\000y\000l\000e\000s\000s\000\040\000C\000h\000a\000n\000n\000e\000l}{chapter.1}% 31
\BOOKMARK [2][-]{subsection.1.11.1}{\376\377\000A\000v\000e\000r\000a\000g\000e\000\040\000I\000n\000f\000o\000r\000m\000a\000t\000i\000o\000n\000\040\000R\000a\000t\000e\000\040\000o\000f\000\040\000a\000\040\000S\000o\000u\000r\000c\000e}{section.1.11}% 32
\BOOKMARK [1][-]{section.1.12}{\376\377\000A\000d\000d\000i\000t\000i\000o\000n\000a\000l\000\040\000W\000o\000r\000k\000e\000d\000\040\000P\000r\000o\000b\000l\000e\000m\000s}{chapter.1}% 33
\BOOKMARK [0][-]{chapter.2}{\376\377\000S\000o\000u\000r\000c\000e\000\040\000C\000o\000d\000i\000n\000g\000\040\000a\000n\000d\000\040\000C\000o\000m\000p\000r\000e\000s\000s\000i\000o\000n}{}% 34
\BOOKMARK [1][-]{section.2.1}{\376\377\000S\000o\000u\000r\000c\000e\000\040\000C\000o\000d\000i\000n\000g}{chapter.2}% 35
\BOOKMARK [2][-]{subsection.2.1.1}{\376\377\000T\000y\000p\000e\000s\000\040\000o\000f\000\040\000S\000o\000u\000r\000c\000e\000\040\000C\000o\000d\000i\000n\000g}{section.2.1}% 36
\BOOKMARK [2][-]{subsection.2.1.2}{\376\377\000S\000o\000u\000r\000c\000e\000\040\000C\000o\000d\000i\000n\000g\000\040\000T\000h\000e\000o\000r\000e\000m}{section.2.1}% 37
\BOOKMARK [2][-]{subsection.2.1.3}{\376\377\000K\000r\000a\000f\000t\000-\000M\000c\000M\000i\000l\000l\000a\000n\000\040\000I\000n\000e\000q\000u\000a\000l\000i\000t\000y}{section.2.1}% 38
\BOOKMARK [2][-]{subsection.2.1.4}{\376\377\000H\000u\000f\000f\000m\000a\000n\000\040\000C\000o\000d\000i\000n\000g}{section.2.1}% 39
\BOOKMARK [1][-]{section.2.2}{\376\377\000A\000r\000i\000t\000h\000m\000e\000t\000i\000c\000\040\000C\000o\000d\000i\000n\000g}{chapter.2}% 40
\BOOKMARK [2][-]{subsection.2.2.1}{\376\377\000E\000f\000f\000i\000c\000i\000e\000n\000c\000y\000\040\000o\000f\000\040\000A\000r\000i\000t\000h\000m\000e\000t\000i\000c\000\040\000C\000o\000d\000i\000n\000g\000\040\000o\000v\000e\000r\000\040\000H\000u\000f\000f\000m\000a\000n\000\040\000C\000o\000d\000i\000n\000g}{section.2.2}% 41
\BOOKMARK [2][-]{subsection.2.2.2}{\376\377\000W\000o\000r\000k\000e\000d\000\040\000E\000x\000a\000m\000p\000l\000e\000s}{section.2.2}% 42
\BOOKMARK [1][-]{section.2.3}{\376\377\000S\000h\000a\000n\000n\000o\000n\000-\000F\000a\000n\000o\000\040\000C\000o\000d\000i\000n\000g}{chapter.2}% 43
\BOOKMARK [2][-]{subsection.2.3.1}{\376\377\000S\000t\000e\000p\000s}{section.2.3}% 44
\BOOKMARK [1][-]{section.2.4}{\376\377\000L\000e\000m\000p\000e\000l\000-\000Z\000i\000v\000\040\000C\000o\000d\000i\000n\000g}{chapter.2}% 45
\BOOKMARK [2][-]{subsection.2.4.1}{\376\377\000S\000t\000e\000p\000s}{section.2.4}% 46
\BOOKMARK [1][-]{section.2.5}{\376\377\000A\000r\000i\000t\000h\000m\000e\000t\000i\000c\000\040\000D\000e\000c\000o\000d\000i\000n\000g}{chapter.2}% 47
\BOOKMARK [2][-]{subsection.2.5.1}{\376\377\000S\000t\000e\000p\000s}{section.2.5}% 48
\BOOKMARK [1][-]{section.2.6}{\376\377\000A\000d\000d\000i\000t\000i\000o\000n\000a\000l\000\040\000H\000u\000f\000f\000m\000a\000n\000\040\000E\000x\000a\000m\000p\000l\000e}{chapter.2}% 49
\BOOKMARK [1][-]{section.2.7}{\376\377\000L\000Z\000W\000\040\000D\000e\000c\000o\000d\000i\000n\000g\000\040\000a\000n\000d\000\040\000C\000o\000m\000p\000r\000e\000s\000s\000i\000o\000n}{chapter.2}% 50
\BOOKMARK [1][-]{section.2.8}{\376\377\000R\000u\000n\000\040\000L\000e\000n\000g\000t\000h\000\040\000E\000n\000c\000o\000d\000i\000n\000g}{chapter.2}% 51
\BOOKMARK [2][-]{subsection.2.8.1}{\376\377\000S\000t\000e\000p\000s}{section.2.8}% 52
\BOOKMARK [1][-]{section.2.9}{\376\377\000E\000f\000f\000e\000c\000t\000i\000v\000e\000\040\000a\000n\000d\000\040\000P\000r\000e\000f\000i\000x\000-\000F\000r\000e\000e\000\040\000C\000o\000d\000e\000s}{chapter.2}% 53
\BOOKMARK [1][-]{section.2.10}{\376\377\000B\000i\000n\000a\000r\000y\000\040\000E\000n\000t\000r\000o\000p\000y\000\040\000P\000l\000o\000t\000\040\000V\000e\000r\000i\000f\000i\000c\000a\000t\000i\000o\000n}{chapter.2}% 54
\BOOKMARK [1][-]{section.2.11}{\376\377\000A\000d\000d\000i\000t\000i\000o\000n\000a\000l\000\040\000C\000o\000d\000i\000n\000g\000\040\000W\000o\000r\000k\000e\000d\000\040\000E\000x\000a\000m\000p\000l\000e\000s}{chapter.2}% 55
\BOOKMARK [0][-]{chapter.3}{\376\377\000C\000h\000a\000n\000n\000e\000l\000\040\000C\000o\000d\000i\000n\000g}{}% 56
\BOOKMARK [1][-]{section.3.1}{\376\377\000D\000i\000g\000i\000t\000a\000l\000\040\000C\000o\000m\000m\000u\000n\000i\000c\000a\000t\000i\000o\000n}{chapter.3}% 57
\BOOKMARK [2][-]{subsection.3.1.1}{\376\377\000E\000l\000e\000m\000e\000n\000t\000s\000\040\000o\000f\000\040\000D\000i\000g\000i\000t\000a\000l\000\040\000C\000o\000m\000m\000u\000n\000i\000c\000a\000t\000i\000o\000n}{section.3.1}% 58
\BOOKMARK [1][-]{section.3.2}{\376\377\000B\000l\000o\000c\000k\000\040\000C\000o\000d\000e\000s\000\040\000a\000n\000d\000\040\000P\000a\000r\000i\000t\000y\000\040\000C\000h\000e\000c\000k}{chapter.3}% 59
\BOOKMARK [2][-]{subsection.3.2.1}{\376\377\000B\000l\000o\000c\000k\000\040\000C\000o\000d\000e}{section.3.2}% 60
\BOOKMARK [2][-]{subsection.3.2.2}{\376\377\000V\000e\000c\000t\000o\000r\000\040\000R\000e\000p\000r\000e\000s\000e\000n\000t\000a\000t\000i\000o\000n\000\040\000o\000f\000\040\000C\000o\000d\000e\000w\000o\000r\000d\000s}{section.3.2}% 61
\BOOKMARK [2][-]{subsection.3.2.3}{\376\377\000S\000i\000n\000g\000l\000e\000\040\000P\000a\000r\000i\000t\000y\000\040\000C\000h\000e\000c\000k\000\040\000C\000o\000d\000e}{section.3.2}% 62
\BOOKMARK [1][-]{section.3.3}{\376\377\000P\000r\000o\000d\000u\000c\000t\000\040\000C\000o\000d\000e}{chapter.3}% 63
\BOOKMARK [1][-]{section.3.4}{\376\377\000R\000e\000p\000e\000t\000i\000t\000i\000v\000e\000\040\000C\000o\000d\000e\000s}{chapter.3}% 64
\BOOKMARK [2][-]{subsection.3.4.1}{\376\377\000E\000r\000r\000o\000r\000\040\000d\000e\000t\000e\000c\000t\000i\000o\000n}{section.3.4}% 65
\BOOKMARK [2][-]{subsection.3.4.2}{\376\377\000E\000r\000r\000o\000r\000\040\000c\000o\000r\000r\000e\000c\000t\000i\000o\000n}{section.3.4}% 66
\BOOKMARK [1][-]{section.3.5}{\376\377\000L\000i\000n\000e\000a\000r\000\040\000C\000o\000d\000i\000n\000g}{chapter.3}% 67
\BOOKMARK [1][-]{section.3.6}{\376\377\000H\000a\000m\000m\000i\000n\000g\000\040\000C\000o\000d\000e}{chapter.3}% 68
\BOOKMARK [2][-]{subsection.3.6.1}{\376\377\000S\000y\000s\000t\000e\000m\000a\000t\000i\000c\000\040\000C\000o\000d\000e}{section.3.6}% 69
\BOOKMARK [2][-]{subsection.3.6.2}{\376\377\000S\000y\000n\000d\000r\000o\000m\000e\000\040\000D\000e\000c\000o\000d\000i\000n\000g}{section.3.6}% 70
\BOOKMARK [2][-]{subsection.3.6.3}{\376\377\000G\000e\000n\000e\000r\000a\000t\000o\000r\000\040\000M\000a\000t\000r\000i\000x}{section.3.6}% 71
\BOOKMARK [1][-]{section.3.7}{\376\377\000C\000o\000d\000e\000\040\000R\000a\000t\000e\000\040\000a\000n\000d\000\040\000R\000e\000d\000u\000n\000d\000a\000n\000c\000y}{chapter.3}% 72
\BOOKMARK [1][-]{section.3.8}{\376\377\000A\000d\000d\000i\000t\000i\000o\000n\000a\000l\000\040\000R\000e\000p\000e\000t\000i\000t\000i\000v\000e\000\040\000C\000o\000d\000e\000\040\000E\000x\000a\000m\000p\000l\000e}{chapter.3}% 73
\BOOKMARK [1][-]{section.3.9}{\376\377\000M\000i\000n\000i\000m\000u\000m\000\040\000D\000i\000s\000t\000a\000n\000c\000e\000\040\000D\000e\000c\000o\000d\000i\000n\000g}{chapter.3}% 74
\BOOKMARK [1][-]{section.3.10}{\376\377\000S\000y\000s\000t\000e\000m\000a\000t\000i\000c\000\040\000a\000n\000d\000\040\000N\000o\000n\000-\000S\000y\000s\000t\000e\000m\000a\000t\000i\000c\000\040\000C\000o\000d\000e\000s}{chapter.3}% 75
\BOOKMARK [1][-]{section.3.11}{\376\377\000N\000o\000n\000-\000S\000y\000s\000t\000e\000m\000a\000t\000i\000c\000\040\000G\000e\000n\000e\000r\000a\000t\000o\000r\000\040\000M\000a\000t\000r\000i\000x}{chapter.3}% 76
\BOOKMARK [1][-]{section.3.12}{\376\377\000P\000a\000r\000i\000t\000y\000\040\000C\000h\000e\000c\000k\000\040\000M\000a\000t\000r\000i\000x}{chapter.3}% 77
